<?xml version="1.0" encoding="UTF-8"?>
<!-- Generated by org.testng.reporters.JUnitXMLReporter -->
<testsuite ignored="0" hostname="DESKTOP-3FUKHGD" failures="0" tests="6" name="Default test" time="182.309" errors="0" timestamp="2024-08-11T16:36:13 SAST">
  <testcase classname="tests.TestsTask4" name="testRegisterUser" time="2.521"/>
  <testcase classname="tests.TestsTask4" name="testLogInUser" time="1.483"/>
  <testcase classname="tests.TestsTask4" name="testAddToCartAndValidateTotalPrice" time="33.304"/>
  <testcase classname="tests.TestsTask4" name="testPricePullsThroughToCartCorrectly" time="97.398"/>
  <testcase classname="tests.TestsTask4" name="testRemoveItemFromCartAndValidatePrice" time="13.912"/>
  <testcase classname="tests.TestsTask4" name="testPerformCheckOut" time="10.572"/>
</testsuite> <!-- Default test -->
