<?xml version="1.0" encoding="UTF-8"?>
<testng-results ignored="0" total="6" passed="6" failed="0" skipped="0">
  <reporter-output>
  </reporter-output>
  <suite started-at="2024-08-11T16:33:10 SAST" name="Default suite" finished-at="2024-08-11T16:36:13 SAST" duration-ms="182309">
    <groups>
    </groups>
    <test started-at="2024-08-11T16:33:10 SAST" name="Default test" finished-at="2024-08-11T16:36:13 SAST" duration-ms="182309">
      <class name="tests.TestsTask4">
        <test-method is-config="true" signature="prepareTestData()[pri:0, instance:tests.TestsTask4@6a78afa0]" started-at="2024-08-11T16:33:10 SAST" name="prepareTestData" finished-at="2024-08-11T16:33:10 SAST" duration-ms="11" status="PASS">
          <reporter-output>
          </reporter-output>
        </test-method> <!-- prepareTestData -->
        <test-method is-config="true" signature="setUp()[pri:0, instance:tests.TestsTask4@6a78afa0]" started-at="2024-08-11T16:33:10 SAST" name="setUp" finished-at="2024-08-11T16:33:16 SAST" duration-ms="5480" status="PASS">
          <reporter-output>
          </reporter-output>
        </test-method> <!-- setUp -->
        <test-method signature="testRegisterUser()[pri:1, instance:tests.TestsTask4@6a78afa0]" started-at="2024-08-11T16:33:16 SAST" name="testRegisterUser" finished-at="2024-08-11T16:33:18 SAST" duration-ms="2521" status="PASS">
          <reporter-output>
          </reporter-output>
        </test-method> <!-- testRegisterUser -->
        <test-method is-config="true" signature="tearDown()[pri:0, instance:tests.TestsTask4@6a78afa0]" started-at="2024-08-11T16:33:18 SAST" name="tearDown" finished-at="2024-08-11T16:33:18 SAST" duration-ms="121" status="PASS">
          <reporter-output>
          </reporter-output>
        </test-method> <!-- tearDown -->
        <test-method is-config="true" signature="setUp()[pri:0, instance:tests.TestsTask4@6a78afa0]" started-at="2024-08-11T16:33:18 SAST" name="setUp" finished-at="2024-08-11T16:33:22 SAST" duration-ms="3130" status="PASS">
          <reporter-output>
          </reporter-output>
        </test-method> <!-- setUp -->
        <test-method signature="testLogInUser()[pri:2, instance:tests.TestsTask4@6a78afa0]" started-at="2024-08-11T16:33:22 SAST" name="testLogInUser" finished-at="2024-08-11T16:33:23 SAST" duration-ms="1483" status="PASS">
          <reporter-output>
          </reporter-output>
        </test-method> <!-- testLogInUser -->
        <test-method is-config="true" signature="tearDown()[pri:0, instance:tests.TestsTask4@6a78afa0]" started-at="2024-08-11T16:33:23 SAST" name="tearDown" finished-at="2024-08-11T16:33:23 SAST" duration-ms="127" status="PASS">
          <reporter-output>
          </reporter-output>
        </test-method> <!-- tearDown -->
        <test-method is-config="true" signature="setUp()[pri:0, instance:tests.TestsTask4@6a78afa0]" started-at="2024-08-11T16:33:23 SAST" name="setUp" finished-at="2024-08-11T16:33:26 SAST" duration-ms="3304" status="PASS">
          <reporter-output>
          </reporter-output>
        </test-method> <!-- setUp -->
        <test-method signature="testAddToCartAndValidateTotalPrice()[pri:3, instance:tests.TestsTask4@6a78afa0]" started-at="2024-08-11T16:33:26 SAST" name="testAddToCartAndValidateTotalPrice" finished-at="2024-08-11T16:34:00 SAST" duration-ms="33304" status="PASS">
          <reporter-output>
          </reporter-output>
        </test-method> <!-- testAddToCartAndValidateTotalPrice -->
        <test-method is-config="true" signature="tearDown()[pri:0, instance:tests.TestsTask4@6a78afa0]" started-at="2024-08-11T16:34:00 SAST" name="tearDown" finished-at="2024-08-11T16:34:00 SAST" duration-ms="156" status="PASS">
          <reporter-output>
          </reporter-output>
        </test-method> <!-- tearDown -->
        <test-method is-config="true" signature="setUp()[pri:0, instance:tests.TestsTask4@6a78afa0]" started-at="2024-08-11T16:34:00 SAST" name="setUp" finished-at="2024-08-11T16:34:03 SAST" duration-ms="3254" status="PASS">
          <reporter-output>
          </reporter-output>
        </test-method> <!-- setUp -->
        <test-method signature="testPricePullsThroughToCartCorrectly()[pri:4, instance:tests.TestsTask4@6a78afa0]" started-at="2024-08-11T16:34:03 SAST" name="testPricePullsThroughToCartCorrectly" finished-at="2024-08-11T16:35:41 SAST" duration-ms="97398" status="PASS">
          <reporter-output>
          </reporter-output>
        </test-method> <!-- testPricePullsThroughToCartCorrectly -->
        <test-method is-config="true" signature="tearDown()[pri:0, instance:tests.TestsTask4@6a78afa0]" started-at="2024-08-11T16:35:41 SAST" name="tearDown" finished-at="2024-08-11T16:35:41 SAST" duration-ms="156" status="PASS">
          <reporter-output>
          </reporter-output>
        </test-method> <!-- tearDown -->
        <test-method is-config="true" signature="setUp()[pri:0, instance:tests.TestsTask4@6a78afa0]" started-at="2024-08-11T16:35:41 SAST" name="setUp" finished-at="2024-08-11T16:35:45 SAST" duration-ms="3844" status="PASS">
          <reporter-output>
          </reporter-output>
        </test-method> <!-- setUp -->
        <test-method signature="testRemoveItemFromCartAndValidatePrice()[pri:5, instance:tests.TestsTask4@6a78afa0]" started-at="2024-08-11T16:35:45 SAST" name="testRemoveItemFromCartAndValidatePrice" finished-at="2024-08-11T16:35:58 SAST" duration-ms="13912" status="PASS">
          <reporter-output>
          </reporter-output>
        </test-method> <!-- testRemoveItemFromCartAndValidatePrice -->
        <test-method is-config="true" signature="tearDown()[pri:0, instance:tests.TestsTask4@6a78afa0]" started-at="2024-08-11T16:35:58 SAST" name="tearDown" finished-at="2024-08-11T16:35:59 SAST" duration-ms="140" status="PASS">
          <reporter-output>
          </reporter-output>
        </test-method> <!-- tearDown -->
        <test-method is-config="true" signature="setUp()[pri:0, instance:tests.TestsTask4@6a78afa0]" started-at="2024-08-11T16:35:59 SAST" name="setUp" finished-at="2024-08-11T16:36:02 SAST" duration-ms="3226" status="PASS">
          <reporter-output>
          </reporter-output>
        </test-method> <!-- setUp -->
        <test-method signature="testPerformCheckOut()[pri:6, instance:tests.TestsTask4@6a78afa0]" started-at="2024-08-11T16:36:02 SAST" name="testPerformCheckOut" finished-at="2024-08-11T16:36:12 SAST" duration-ms="10572" status="PASS">
          <reporter-output>
          </reporter-output>
        </test-method> <!-- testPerformCheckOut -->
        <test-method is-config="true" signature="tearDown()[pri:0, instance:tests.TestsTask4@6a78afa0]" started-at="2024-08-11T16:36:12 SAST" name="tearDown" finished-at="2024-08-11T16:36:13 SAST" duration-ms="132" status="PASS">
          <reporter-output>
          </reporter-output>
        </test-method> <!-- tearDown -->
      </class> <!-- tests.TestsTask4 -->
    </test> <!-- Default test -->
  </suite> <!-- Default suite -->
</testng-results>
